........v.......>xv.v.>x>x>x..>xv.>x>x>xv.v...>x..>x..v.>x>x>xv.>x>xv.....>xv.....>x..v.>xv.v...v
...v.v..xv.v......xvx>x>x>xv....x>xv.>xvxvxv.>xv.>xv..x..v.v..x>x..vx....>xvx......v..x>x.xvx...x
...xvx..vxvxv.v...vxv.>xv.vx..v...vx>xvxvx.x...x>xvx.....xvx..>xv..xv.v.>x.x..v....x..v.v.vxv....
.v.vx..vxvxvx.x..vx.x>xvx.xv.vx...xv..x.x....v....x..v.v..x....vxv..x.x>xv....xv...v..x.x.x.x....
.x.x..vx.xvxv....xv.v.vxv..x.xv.v.vx....v...vxv.v.v..xvx......vx.x....>xvxv...vxv.vxv.....v......
.v.v.vx..vx.xv....xvx.x.xv.v..x.xvxv....x...xvx.xvxv.vxv.....vxv.v...>x.xvx..vx.xvxvx..v..x....v.
.x.xvxv.vxv.vxv.v..xv.v..xvx.....x.x..v...v..x..vx.x.xvx....vx.x.x..>x...x...xv..xvxv.vxv.v.v..x.
...vxvx.xvx.xvxvxv.vxvxv.vx......v...vx..vx..v..x..v.vx.....x......v.v.v.....vxv.vxvx.x.xvx.xv...
..vx.x...xv..xvxvxvx.x.xvx....v..xv.vx...xv..x..v.vxvx....v.v...v.vxvx.xv...vxvxvxvx.....x..vx...
.vxv.v....xv.vx.x.xv.v.vxv.v.vxv..x.xv....x..v..xvxvx.....x.xv..xvxvxv.vx..vxvxvx.x..v......x..v.
.x.xvxv...vx.x.....x.xvxvx.xvxvx....vx......vx...x.xv.v.....vx...xvx.xvx..vx.x.x..v..xv.v...v.vxv
.v.vx.xv.vxv...v.v...vxvx...x.xv....x..v...vxv.v.v.vxvx..v..xv.v.vx...xv.vx....v.vx..vxvxv..x.x.x
.xvxv..x.x.x..vx.xv.vxvxv...v.vxv.v.v.vxv..x.xvx.x.xvxv.vx..vx.x.xv.v..x.xv....x.x..vxvxvxv...v.v
..xvxv.v...v..xv..x.xvxvxv..x.xvxvx.xvx.xv...vxv...vx.x.xv..xv....xvx..v.vxv.v...v.vxvx.x.x..vxvx
...xvxvx...x..vxv...vx.xvx....vx.x..vx...xv..xvxv..xv...vxv..x.....x..vxvx.x.x...x.xvx......vxvxv
....xvx..v...vxvxv..x...xv.v..xv.v.vxv.v.vx..vx.xv..x...xvx....v...v.vxvxv.v.v.v....xv...v..xvx.x
....vxv.vx..vx.xvxv.v.v.vx.x..vx.xvx.xvxvxv.vx...x..v....xv.v.vx...xvxvxvx.x.xvxv....x...x..vxv..
.v.vx.x.x..vxv.vx.x.xvx.xv.v..xv.vxv..x.xvx.xv......x..v.vx.xvxv.v.vxvx.x..v.vx.xv.v.....v..x.xv.
.xvxv.v.v..x.xvx..v..xv.vxvx...xvxvx.....x..vx.........xvx..vx.xvx.xvx....vx.xv..xvx..v.vxv...vxv
..xvxvx.x..v..xv..x..vxvx.xv...vxvx......v.vxv...v.v.v..x...xv.vxv..x..v..x..vxv..x...xvxvx..vxvx
...xvx..v..x..vx.....x.x...xv..xvx.......xvx.xv.vx.xvx....v.vxvxvxv....x..v.vx.xv.v.v.vxvx...xvxv
...vx..vxv...vx..........v.vxv..xv........x...xvx...xv....x.x.xvxvx....v..xvx...xvx.x.xvxv.v..xvx
...x...x.x..vxv.v........x.xvx...x..v.......v..xv...vxv.v.v.v.vxvx....vx..vx.....xv.v..x.xvxv..xv
.v...v.v....xvx.xv.v.v...v.vx..v...vx..v....x...xv.vx.xvxvx.xvx.xv.v..x..vx..v.v..xvxv....xvxv.vx
.x..vx.x..v.vx..vx.xvxv..x.xv.vxv..xv..x......v.vxvx...xvxv..x...x.x..v..x...x.x..vx.xv.v.vxvx.xv
.v.vxv.v.vx.x...xv..xvxv.v.vx.x.x...x....v....x.x.xv...vxvxv.....v....x..v.v.v.v..x..vxvxvxvx...x
.xvxvxvxvxv.v.v..x...xvxvx.xv.v.v.v.v.v.vxv.v...v.vx...xvx.xv.v.vxv.v....xvx.x.x.....x.xvx.xv.v..
.vx.xvxvxvx.xvx....v.vx.x..vx.x.x.xvx.x.xvx.x...xvxv....xv..x.x.xvx.xv.v.vx..........v..xv.vxvx..
.xv.vxvxvxv.vxv.v..xvxv...vxv.v....x....vx..v.v.vx.xv.v..xv.v.v..xv..xvx.xv.v.v...v.vx...x.x.xv..
..x.x.xvxvx.x.xvxv.vx.xv.vxvxvx....v.v..x..vxvxvxv.vx.x...xvx.xv..x..vxv..x.x.x...x.xv.....v..x..
....v..x.xv....xvxvxv.vxvxvx.xv....x.xv.v.vx.xvx.x.x.......xv.vx....vx.x....v.v...v..xv....x..v.v
.v.vxv.v..x....vxvx.xvxvx.xv..x..v...vx.xvxv.vxv.v.v.v.....vxvxv....xv......x.xv.vx..vx..v.v.vxvx
.xvx.x.xv...v..x.x...x.x..vxv....x...xv.vx.x.xvxvxvx.xv.v.vxvxvxv...vxv........xvxv.vxv.vxvxvxvxv
.vx..v.vx...x....v.v.v....xvx.........x.xv.v.vx.xvxv..xvx.x.xvxvxv.vx.xv.......vx.x.x.x.x.xvxvxvx
.x..vx.x......v.vx.x.x..v..x..v...v...v.vxvx.x..vx.x..vx..v.vx.xvx.x..vxv.v.v..x..v.....v.vx.x.x.
.v..xv.v.v...vxvxv.v....x..v..xv.vx...xvx.xv....xv....x...x.xv..x..v.vxvxvxvxv.v..xv...vxvxv.....
.x..vxvxvx...x.xvxvxv.v.v..x..vx.x..v..xv..xv...vxv.....v.v..xv.v.vx.x.x.x.xvxvxv..x...xvx.x.....
...vxvx.xv......x.x.xvxvx.....xv.v..x..vxv.vx..vx.xv....xvxv..xvx.xv.v.....vx.xvxv.v.v..x..v...v.
...xvxv.vx........v.vx.x..v...vx.xv.v.vxvxvx...x...x....vxvxv..x..vxvxv...vxv.vx.xvxvx..v.vxv..x.
...vxvx.x..v...v..x.xv.v..xv.vx..vx.x.x.x.xv...v........x.x.xv.v..x.x.xv.vxvx.xv.vxvxv.vxvx.x....
..vxvxv...vx..vxv....x.x...xvxv.vx......v..x..vx..v.v.v.v.v..xvx....v..xvx.xv.vxvx.xvxvxvx..v....
.vx.xvxv..x...x.xv...v......x.xvx..v.v..xv.v.vxv.vxvxvx.x.x..vx..v.vxv.vx..vxvxvx...xvxvx..vxv...
.x..vxvxv.v.v...vx..vxv.v...v.vxv.vx.xv.vxvx.x.xvxvxvxv.....vx..vx.xvx.xv.vx.xvx..v..x.x..vxvxv..
....x.x.xvxvxv..x..vxvxvxv..x.xvxvxv.vx.x.x.....x.xvxvxv...vxv.vx...x...x.x..vxv..x....v..xvxvx..
......v..xvxvxv....xvx.x.x....vx.xvxvxv.....v.v....x.x.x...x.x.xv...v.v.v.v.vx.xv.v.v.vxv..xvx..v
.v....xv.vx.xvx..v..x........vxv.vx.xvx..v..x.x..v.v.v.....v...vxv..xvxvx.x.x..vxvx.xvx.xv.vxv..x
.xv...vx.xv.vx..vxv.v.v.v.v.vx.xvxv..x...xv.v...vxvx.xv.v..x...x.xv..x.x..v.v..xvx...xv.vxvx.x..v
.vxv.vxv..x.xv..x.xvx.xvxvxvxv.vxvx.......x.x...xvx..vx.x....v....xv......x.xv..xv...vx.x.xv....x
.x.x.xvx.....x..v..xv.vxvx.x.x.x.x..v...v.v.v.v.vx...xv......x....vxv.v......x..vx...xv.v.vx.....
.v.v.vx......v.vx..vx.x.xv..........xv..x.xvxvx.x..v.vxv.v...v.v..x.xvxv...v.v.vxv.v..xvx.xv.v...
.xvx.xv.v.v..xvxv.vx.....xv.v...v...vx.....xvx..v.vxvx.x.x..vxvx.....x.xv.vx.xvx.x.x...xv..xvxv.v
..x..vx.x.x...x.x.x......vxvx..vx...xv...v..x..vx.xvx..v....x.xv.v.v....x.xv.vxv...v.v..xv..xvxvx
.....x...................x.x...x.....x...x.....x...x...x.......x.x.x.......x.x.x...x.x...x...x.x.
