..>x>x..>x>x>x>x>x>x>x>x..>xv.>x>x..>xv...>x..v.>x......>x>x....>xv.>x>xv...
.>x....v.>x>x....v...>xv...vxv.>x..>x.xv.>x...xv.v.v.......v.v...vx>x>xvx..v
>xv...vx..>x....vxv.>x.xv.vx.xv.v.>xv..x>x....vx.x.xv.v.v..xvxv..xv.>x.x..vx
..x..vx.........x.x>x...xvx...x.x...x..>x..v..x..v..xvx.x...xvxv..xv.v...vxv
..v.vxv...v.v.....v......x..v...v...v...v.vx....vxv..x.......x.x..vx.xv..x.x
..xvxvxv.vx.xv.v.vx.........xv.vxv.vx..vx.xv.v..x.xv...v.v...v...vx..vx..v.v
v.vx.x.xvxv.vxvxvx..v.v.v...vx.x.xvx..vx...x.x..v.vxv..xvx..vx..vxv..x..vx.x
x.xv...vx.x.xvxvxv..xvxvx..vxv.v.vx...xv.......vx.x.x...xv.vx..vx.x..v.vx...
...x..vx..v.vxvx.xv..xvxv..x.x.x.xv....xv...v..x........vxvx...xv.v..xvxv.v.
.v.v..xv.vxvx.xv..xv.vx.xv.v.v....xv...vx...x..v.....v.vxvx..v..x.x..vxvx.x.
.xvxv..xvxvxv..xv.vxvx..vxvx.xv.v.vxv..x..v...vx.....x.x.xv..x..v...vx.xv...
..xvx..vxvxvx..vx.xvxv..x.x...x.x.xvx.....xv..xv.....v....x..v..x..vxv.vx...
...xv..xvx.x...x..vx.x....v.v.v.v..x....v.vxv.vxv.v.vxv......xv.v..x.xvx....
...vx...xv.v.v.v..x..v...vx.x.xvx..v...vx.xvxvxvx.xvx.xv.v.v.vxvxv...vx..v..
...x..v.vxvxvxvxv...vx..vxv....x...x..vx...x.xvx..vx..vx.x.x.xvx.xv.vxv..x..
.v.v..x.x.xvxvxvxv..xv..x.xv.v.v...v..x..v.v..xv.vxv.vx.......xv.vx.x.x..v.v
.x.x.......xvxvxvxv.vxv...vx.xvx...xv.v.vxvxv..xvxvxvx.........x.xv......x.x
.......v...vxvx.x.x.xvxv.vxv.vx..v..x.xvxvx.x..vx.x.xv.v.v.......vxv...v....
..v.v..x...xvxv.v...vx.xvx.x.xv..x..v..x.xv.v.vx.....x.x.xv.v....x.xv.vx..v.
.vx.xv.....vxvx.xv..x...x....vx..v..x.....xvx.x..v...v.v.vxvx..v...vx.xv.vxv
vxv.vxv.v..x.x...xv...v.....vxv..x..v.v.v..x..v.vxv..xvxvxvx...x..vx...x.x.x
xvxvxvxvx....v...vxv.vx.....xvxv.v..xvxvx..v.vxvxvx..vx.x.x..v.v..xv........
vx.xvxvx....vx..vxvxvxv.v...vxvxvxv.vxvxv.vxvxvxvxv.vx..v.v..x.x..vxv.......
x..vxvxv...vx...x.xvxvx.xv..xvxvxvxvx.xvxvx.x.x.xvxvxv..xvxv...v..xvxv......
v.vx.xvxv.vx..v.v..x.xv..x...x.x.xvxv..x.x....v.vx.x.xv.vxvxv.vxv.vxvx..v.v.
x.x...x.x.x...xvxv....x..v...v...vx.x..v.v....x.x....vx.x.xvx.x.x.x.x...x.xv
....v.v.....v.vx.x..v...vx..vx...x..v..x.xv..........x....vx............v..x
.v.vx.x....vx.xv.v.vxv.vx...x..v...vx..v..xv.v...v...v.v..xv.v..........xv..
.xvxv.v...vxv..x.x.x.x.xv.v.v.vx..vx...xv..x.xv.vx..vx.xv.vxvx..v...v....xv.
.vx.xvx...xvx....v.....vxvxvxvxv.vxv.v.vxv.v.vxvx...x...x.x.x...x..vxv...vxv
vxv..xv.v..xv....x..v..x.x.xvx.xvxvxvx.x.x.xvxvxv.v...v.v.v...v...vx.xv..x.x
x.xv.vxvx..vx.......xv......x...x.xvx..v.v.vx.x.x.xv..xvx.xv..xv..x..vxv....
v..xvx.xv.vxv........xv.v.v.v.v.v..x...xvxvxv.....vx...xv..x...x....vx.xv...
xv.vxv..x.xvxv.v...v.vx.xvx.x.xvxv......x.xvxv.v..xv...vxv.v.v.v.v..x..vx..v
.x.x.xv.v..x.x.xv.vx.x...xv....xvx..v...v.vx.x.x..vxv..x.xvxvx.xvx..v..x...x
.v....x.xv...v.vxvxv.v....xv.v..x..vx...xvxv......xvxv....xvx...xv..xv...v..
.x....v.vx...xvxvx.x.xv.v..x.xv...vxv.v..xvx......vxvx....vxv....xv.vxv..x..
.v.v.vxvxv.v.vx.xv.v.vxvxv.v.vx..vx.xvx...xv.v....x.xv.v.vxvxv.v..xvx.x..v.v
vxvxvx.x.x.xvxv..x.x.x.xvx.xvxv..xv..x.....x.xv...v.vx.x.x.xvx.xv..x..v.vx.x
x.x.x..v.v..x.xv.v.....vxv.vx.x..vx......v...vxv..xvx....v.vxv.vxv.v..x.x..v
....v.vxvxv.v.vx.x....vxvx.x.....xv.v...vxv.vxvx..vxv.v..x.x.xvxvxvxv......x
...vx.x.x.x.x.xv.v....x.xv...v...vxvxv.vx.xvxvxv.vxvx.x..v...vx.x.x.xv...v..
..vx......v....x.xv...v.vxv.vxv.vx.xvx.xv..xvx.x.xvx..v..x...xv.v.v.vx...x..
.vxv.v.v.vxv...v.vx..vx.x.xvx.x.xv..xv..x...x.....x..vxv.v.v..xvxvx.xv.v.v..
.x.x.xvxvxvxv.vx.xv..x.....xv.v..xv..xv...v...v.v....x.xvxvxv..x.x..vxvxvx..
.v.v.vxvx.x.x.xv..x.........xvx..vxv..x...xv.vx.x..v.v..x.x.xv......x.x.xv.v
.xvx.xvx....v.vx..v.v.v...v..xv..xvxv.....vx.x....vx.xv......xv.......v.vx.x
..x..vx..v..xvx...x.xvx...x...x..vxvx.....xv...v..xv..x..v....xv......x.xv.v
v.v.vxv.vx...xv...v.vx..v.....v..xvxv.v.v.vx...x...x.....xv.v.vxv.v.....vx.x
xvxvxvx.xv...vxv.vx.x...x..v.vxv.vx.xvxvxvx........v.v.v..x.x.x.x.x.....xv..
vx.x.xv.vxv..xvx.x..v.....vx.x.x.x...x.xvxv.....v.vx.x.xv...v.v.v........xv.
xv.v.vx.x.x..vx..v..x.....x..v.v...v...vx.x..v..x.x....vx..vxvxvx........vx.
vxvx.xv.v.v..xv.vx..v.v...v..xvx..vx..vx....vxv.v......x..vxvx.x.........x..
x.x...xvxvxv..xvxv..x.x...xv.vx..vxv..xv.v..x.x.x..v.....vxvxv.v.........v.v
..v.v..xvxvxv.vx.xv........xvxv.vx.x..vxvxv.v......x.....xvx.xvxv.v.v...vx.x
.vx.xv.vxvx.xvx..vxv.....v..x.xvx..v.vx.xvx.xv.......v...vx..vxvx.xvx...xv..
vxv.vxvxvxv.vxv.vxvx..v.vx..v.vx...x.xv..xv..xv.v...vx..vx..vx.xv.vxv.v.vxv.
x.x.xvx.xvxvx.xvx.xv..x.xv..xvxv.v.v.vx..vxv..x.x...x..vx..vxv..x.xvx.x.x.xv
v.v..xv.vxvxv.vx..vx.....xv.vx.xvxvxvxv.vxvxv...v...v.vxv.vx.xv.v..x..v.v..x
x.xv.vxvxvx.xvx...xv...v.vx.x...x.xvxvx.x.x.xv..xv..xvx.x.x..vx.xv.v..x.x...
v..x.x.x.xv..x.....xv..x.xv.v......xvx....v.vxv..xv.vxv.v....x..vx.x..v.v.v.
x..v......xv.v...v..x..v..x.xv...v.vx.....xvxvxv..xvxvx.xv.v.v.vx..v.vxvx.x.
...x..v.v.vx.xv..x.....xv.v..x...xvxv.....vxvx.x...xvxv..xvx.xvxv.vx.xvx....
.v.v..x.x.x...xv.v.v.v..xvx..v.v..x.x..v..x.xv.v....x.x...xv..x.x.x..vxv.v.v
vxvxv.........vxvxvxvxv..xv.vx.x..v.v..xv.v..x.x..v.......vx........vx.x.x.x
xvx.x..v...v.vx.x.x.xvx...xvx..v..xvxv..x.x..v.v..x....v..xv.v.v....x.......
vxv.v.vx...x.x..v.v.vxv...vxv..xv.vxvxv.v.v.vxvxv.....vx...xvxvx..v.v.....v.
xvxvxvxv...v.v..x.xvx.x...xvx..vx.x.xvxvxvx.xvxvxv.v.vx....vxvxv..xvxv.v.vx.
vx.xvxvx...x.xv.v.vx.......x...xv....x.x.x...x.x.x.xvxv...vx.xvx..vxvxvx.xv.
xv.vxvx..v....xvxvxv.v.v........x..v.......v.....v.vx.xv..xv..x..vx.x.xv.vx.
.xvx.xv..x..v.vxvx.xvx.x...........xv.v...vxv....xvxv.vx..vxv....x.....xvxv.
.vx...xv.v..xvx.xv.vx..v.......v...vxvxv..xvxv.v.vxvx.x..vx.x....v.v...vx.x.
vxv....x.x...xv..x.xv..x..v....x...x.xvxv..xvxvx.xvx..v.vxv......xvxv.vxv...
x.x..v.v.....vxv.v..xv.v..xv...v.v...vxvx...x.x...xv..x.xvxv.v....x.x.x.x...
.....x.xv.v.vxvxvxv.vxvx...x...xvx..vx.xv...v......xv.v..x.xvxv...v.....v.v.
.v.v....xvx.x.xvxvx.x.xv.v.v.v..xv.vxv..x...xv...v.vx.x....vxvx..vxv...vxvx.
vx.x....vx..v..xvx..v..x.x.xvxv.vxvxvx....v.vxv.vxvx......vxvx...x.xv.vxvx..
x..v.v.vxv..x...xv.vxv.v.v.vxvxvxvx.x..v.vxvxvx.x.x..v...vxvx....v..x.xvx..v
v..x.x.x.xv.v.v..xvx.xvx.xvxvx.xvxv....xvxvx.x......vxv.vx.xv.v.vx..v..x...x
x....v.v..x.xvx..vx..vx...xvx...xvx....vxvx..v.v.v.vx.x.xv..x.x.xv..xv.v....
....vx.x....vxv..x...x..v..xv....xv.v..xvxv..xvx.x.xv.v.vxv.v...vx...xvx..v.
....xv......x.xv.v.v...vxv..xv....x.xv.vxvxv.vx..v.vx.x.x.x.x..vx....vxv..x.
v.v.vx..v.v...vxvx.x..vx.xv.vxv.v....xvxvx.xvx..vxvx..v.v.v.v.vx....vxvx....
xvxvx..vx.xv.vx.x..v..xv..x.x.xvxv....x.xv.vx...x.x...x.x.x.xvx..v..x.xv.v..
vxvxv..x..vx.x....vxv.vx....v..xvxv.v.v.vx.xv.v.....v...v...vx...xv....xvx..
x.xvx.....xv...v.vxvx.xv.v..x..vxvx.xvxvxv..xvxv....xv..xv..x..v..x....vx...
...xv.v.v.vx...x.xvxv.vx.x.....xvxv.vx.xvx...x.x....vx..vxv.v..xv.....vx..v.
.v.vx.x.xvxv.v.v..xvx.x......v..xvxvxv.vx..v.v.....vxv..x.xvxv..xv...vx..vx.
vxvx....vxvx.x.x..vxv...v.v..xv.vxvx.x.x...xvx.....x.xv.v..xvx..vx...xv.vx..
x.x.....x.x.......x.x...x.x...x.x.x.........x.........x.x...x...x.....x.x...
